2019-10-16 19:04:48 0001_BASIC/02_计算机基础缺陷的定义软件测试的历史计算机的层次软件的分类-1/tsd19060701am/0060.ts
2019-10-16 19:07:29 0002_TESTTHEORY01/01_进制转换复习缺陷报告，测试过程缺陷报告的组成-1/tsd19060704am/0000.ts
2019-10-16 19:17:33 0003_TESTTHEORY02/06_软件开发的阶段划分软件测试模型软件测试的分类功能测试选择的策略-1/tsd19060718am/0086.ts
2019-10-16 19:17:38 0003_TESTTHEORY02/06_软件开发的阶段划分软件测试模型软件测试的分类功能测试选择的策略-1/tsd19060718am/0135.ts
2019-10-16 19:31:28 0006_DATABASE/05_约束-1/tsd19060805am/0077.ts
2019-10-16 19:34:49 0007_PYTHON-BASIC/01_Python语言介绍Python开发环境-2/tsd19060807pm/0235.ts
2019-10-16 19:40:34 0008_PYTHON-OOP/02_循环结构概述while循环结构for循环结构break语句continue语句else子句-2/tsd19060815pm/0193.ts

2019-10-16 20:31:25 0019_REDIS/01_NoSQL简介Redis安装与配置特点与应用数据类型-1/aid19050903am/0044.ts
2019-10-16 20:34:03 0002_PYTHON_OO/01_面向对象概述类和对象-1/aid19050613am/0095.ts
2019-10-16 20:34:55 0010_MYSQL_BASE/01_数据库基础数据表设计数据库数据表创建-1/aid19050716am/0144.ts
2019-10-16 20:35:23 0010_MYSQL_BASE/01_数据库基础数据表设计数据库数据表创建-1/aid19050716am/0162.ts
2019-10-16 20:37:54 0011_NETWORK_PROJECT/01_GIT使用-2/aid19050718pm/0036.ts
2019-10-16 20:38:23 0023_FLASK/01_FLASK01-4/B_VIP_AID_N_FLASK_DAY01_04/0034.ts
2019-10-16 20:40:15 0008_CONCURRENT/01_多任务编程fork多进程-2/aid19050708pm/0090.ts
2019-10-16 20:45:41 0001_PYTHON_BASE/02_数据基本运算-1/aid19050603am/0092.ts
2019-10-16 20:46:35 0001_PYTHON_BASE/02_数据基本运算-1/aid19050603am/0116.ts
2019-10-16 20:47:18 0015_MYSQL_CORE/02_子查询数据库优化-1/aid19050808am/0100.ts
2019-10-16 20:47:18 0001_PYTHON_BASE/02_数据基本运算-1/aid19050603am/0142.ts
2019-10-16 20:47:25 0023_FLASK/01_FLASK01-8/B_VIP_AID_N_FLASK_DAY01_08/0022.ts
2019-10-16 20:47:36 0003_PYTHON_CORE/01_模块包异常处理-2/aid19050619pm/0199.ts
2019-10-16 20:50:28 0003_PYTHON_CORE/01_模块包异常处理-2/aid19050619pm/0262.ts
2019-10-16 20:51:26 0012_HTMLCSS/02_CSS介绍及使用常用选择器介绍-1/aid19050724am/0095.ts
2019-10-16 20:51:55 0008_CONCURRENT/02_网络聊天室multiprocessing进程-1/aid19050709am/0139.ts
2019-10-16 20:52:03 0015_MYSQL_CORE/02_子查询数据库优化-2/aid19050808pm/0073.ts
2019-10-16 20:53:22 0001_PYTHON_BASE/02_数据基本运算-2/aid19050603pm/0100.ts
2019-10-16 20:55:37 0001_PYTHON_BASE/02_数据基本运算-2/aid19050603pm/0176.ts
2019-10-16 21:00:19 0005_DATA_STRUCT/02_二叉树查找排序算法-2/aid19050628pm/0046.ts
2019-10-16 21:07:37 0023_FLASK/02_FLASK02-10/B_VIP_AID_N_FLASK_DAY02_10/0013.ts
2019-10-16 21:08:23 0023_FLASK/02_FLASK02-10/B_VIP_AID_N_FLASK_DAY02_10/0036.ts
2019-10-16 21:12:32 0008_CONCURRENT/03_进程间通信同步互斥threading线程-2/aid19050710pm/0101.ts
2019-10-16 21:12:34 0023_FLASK/03_FLASK03-1/B_VIP_AID_N_FLASK_DAY03_01/0023.ts
2019-10-16 21:12:45 0012_HTMLCSS/03_CSS盒模型-2/aid19050725pm/0150.ts
2019-10-16 21:13:18 0016_DJANGO/03_模板中的语法模型ORM创建和使用模型配置数据库-2/aid19050814pm/0090.ts
2019-10-16 21:13:21 0012_HTMLCSS/03_CSS盒模型-2/aid19050725pm/0182.ts
2019-10-16 21:13:35 0012_HTMLCSS/03_CSS盒模型-2/aid19050725pm/0190.ts
2019-10-16 21:17:29 0012_HTMLCSS/04_浮动布局定位布局其他属性-1/aid19050726am/0062.ts
2019-10-16 21:18:25 0002_PYTHON_OO/03_设计思想-2/aid19050615pm/0211.ts
2019-10-16 21:19:51 0012_HTMLCSS/04_浮动布局定位布局其他属性-1/aid19050726am/0184.ts
2019-10-16 21:21:07 0016_DJANGO/04_编写Models数据字段和字段选项数据的导入和导出及版本切换通过模型增加查询修改删除数据-1/aid19050815am/0164.ts
2019-10-16 21:22:54 0016_DJANGO/04_编写Models数据字段和字段选项数据的导入和导出及版本切换通过模型增加查询修改删除数据-2/aid19050815pm/0044.ts
2019-10-16 21:23:59 0003_PYTHON_CORE/04_闭包装饰器-1/aid19050624am/0194.ts
2019-10-16 21:24:40 0003_PYTHON_CORE/04_闭包装饰器-2/aid19050624pm/0024.ts
2019-10-16 21:26:25 0003_PYTHON_CORE/04_闭包装饰器-2/aid19050624pm/0114.ts
2019-10-16 21:27:10 0002_PYTHON_OO/04_继承多态-2/aid19050617pm/0110.ts
2019-10-16 21:28:00 0002_PYTHON_OO/04_继承多态-2/aid19050617pm/0146.ts
2019-10-16 21:29:41 0008_CONCURRENT/05_多进程并发ftp文件服务器-1/aid19050712am/0169.ts
2019-10-16 21:29:44 0003_PYTHON_CORE/04_闭包装饰器-3/aid19050625am/0008.ts
2019-10-16 21:30:33 0008_CONCURRENT/05_多进程并发ftp文件服务器-2/aid19050712pm/0013.ts
2019-10-16 21:30:38 0008_CONCURRENT/05_多进程并发ftp文件服务器-2/aid19050712pm/0016.ts
2019-10-16 21:36:31 0023_FLASK/05_FLASK05-3/B_VIP_AID_N_FLASK_DAY05_03/0013.ts
2019-10-16 21:40:18 0016_DJANGO/06_多对多映射查询自定义查询对象HttpRequest使用HttpRespondscsrf跨站点攻击-2/aid19050819pm/0187.ts
2019-10-16 21:42:02 0016_DJANGO/07_文件上传数据分页中间件-1/aid19050820am/0088.ts
2019-10-16 21:44:59 0023_FLASK/06_FLASK06-7/B_VIP_AID_N_FLASK_DAY06_07/0031.ts
2019-10-16 22:52:51 0024_AUTOMATED_TESTING/024_使用Python实现Selenium自动化测试01-2/A_VIP_TSD_E_PYTHON-WITH-SELENIUM_DAY01_02/WITH.ts
2019-10-18 08:40:43 0002_TESTTHEORY01/01_进制转换复习缺陷报告，测试过程缺陷报告的组成-1/tsd19060704am/0000.ts
2019-10-18 08:42:22 0001_BASIC/02_计算机基础缺陷的定义软件测试的历史计算机的层次软件的分类-1/tsd19060701am/0060.ts
